<?xml version="1.0" encoding="UTF-8"?>
<testng-results ignored="0" total="0" passed="0" failed="0" skipped="0">
  <reporter-output>
  </reporter-output>
  <suite started-at="2021-04-11T12:35:56 WIB" name="Default suite" finished-at="2021-04-11T12:35:56 WIB" duration-ms="8">
    <groups>
    </groups>
    <test started-at="2021-04-11T12:35:56 WIB" name="Default test" finished-at="2021-04-11T12:35:56 WIB" duration-ms="8">
    </test> <!-- Default test -->
  </suite> <!-- Default suite -->
</testng-results>
